[2025-09-28T17:23:21.710Z] INFO   Verification token created for: txafile@gmail.com
[2025-09-28T17:23:33.811Z] INFO   Verification token created for: txafile@gmail.com
[2025-09-28T17:23:33.816Z] INFO   Verification email resent for: txafile@gmail.com
[2025-09-28T17:24:30.229Z] INFO   Email verified and user moved from pending to subscriptions for: txafile@gmail.com
[2025-09-28T17:24:30.245Z] INFO   Email verified successfully for: txafile@gmail.com
[2025-09-28T17:24:30.699Z] INFO   Email verification confirmed for: txafile@gmail.com
[2025-09-28T17:24:38.544Z] INFO   Email verification confirmed for: txafile@gmail.com
[2025-09-28T17:24:40.351Z] INFO   Email verification confirmed for: txafile@gmail.com
[2025-09-28T17:24:47.626Z] INFO   Email verification confirmed for: txafile@gmail.com
[2025-09-28T17:24:50.692Z] INFO   Email verification confirmed for: txafile@gmail.com
[2025-09-28T17:24:57.476Z] INFO   Email verification confirmed for: txafile@gmail.com
[2025-09-28T17:25:00.576Z] INFO   Email verification confirmed for: txafile@gmail.com
[2025-09-28T17:25:07.416Z] INFO   Email verification confirmed for: txafile@gmail.com
[2025-09-28T17:25:10.448Z] INFO   Email verification confirmed for: txafile@gmail.com
[2025-09-28T17:25:16.341Z] INFO   Email verification confirmed for: txafile@gmail.com
[2025-09-28T17:25:21.257Z] INFO   Email verification confirmed for: txafile@gmail.com
[2025-09-28T17:25:27.008Z] INFO   Email verification confirmed for: txafile@gmail.com
[2025-09-28T17:25:32.323Z] INFO   Email verification confirmed for: txafile@gmail.com
[2025-09-28T17:25:47.537Z] INFO   Email verification confirmed for: txafile@gmail.com
[2025-09-28T17:25:58.357Z] INFO   Email verification confirmed for: txafile@gmail.com
[2025-09-28T17:26:07.847Z] INFO   Email verification confirmed for: txafile@gmail.com
